<?xml version="1.0" encoding="UTF-8"?>
<!-- Generated by org.testng.reporters.JUnitReportReporter -->
<testsuite skipped="0" hostname="Divyas-MacBook-Pro.local" name="ui.api.frameworkTest.BasicTest" tests="2" failures="0" timestamp="19 Aug 2018 16:51:31 GMT" time="46.603" errors="0">
  <testcase name="test2" time="18.609" classname="ui.api.frameworkTest.BasicTest"/>
  <testcase name="test1" time="27.994" classname="ui.api.frameworkTest.BasicTest"/>
</testsuite> <!-- ui.api.frameworkTest.BasicTest -->
