<?xml version="1.0" encoding="UTF-8"?>
<!-- Generated by org.testng.reporters.JUnitReportReporter -->
<testsuite skipped="0" hostname="Divyas-MacBook-Pro.local" name="ui.api.framework.BasicTest" tests="1" failures="0" timestamp="19 Aug 2018 14:44:06 GMT" time="1.829" errors="0">
  <testcase name="test1" time="1.829" classname="ui.api.framework.BasicTest"/>
</testsuite> <!-- ui.api.framework.BasicTest -->
